<?xml version="1.0" encoding="UTF-8"?>
<!-- Generated by org.testng.reporters.JUnitXMLReporter -->
<testsuite ignored="0" hostname="NL-PF10R29K" failures="0" tests="2" name="Default test" time="21.437" errors="0" timestamp="23 Sep 2018 17:35:59 GMT">
  <testcase classname="com.ss.qa.testcases.CarDetailPageTest" name="validateRegisterNewUser" time="1.151"/>
  <testcase classname="com.ss.qa.testcases.CarDetailPageTest" name="validateRegisterNewUser" time="1.036"/>
</testsuite> <!-- Default test -->
