<?xml version="1.0" encoding="UTF-8"?>
<testng-results ignored="0" total="2" passed="2" failed="0" skipped="0">
  <reporter-output>
  </reporter-output>
  <suite started-at="2018-09-23T17:35:38Z" name="Default suite" finished-at="2018-09-23T17:35:59Z" duration-ms="21437">
    <groups>
    </groups>
    <test started-at="2018-09-23T17:35:38Z" name="Default test" finished-at="2018-09-23T17:35:59Z" duration-ms="21437">
      <class name="com.ss.qa.testcases.CarDetailPageTest">
        <test-method is-config="true" signature="setUp()[pri:0, instance:com.ss.qa.testcases.CarDetailPageTest@41e1e210]" started-at="2018-09-23T19:35:38Z" name="setUp" finished-at="2018-09-23T19:35:48Z" duration-ms="10633" status="PASS">
          <reporter-output>
          </reporter-output>
        </test-method> <!-- setUp -->
        <test-method signature="validateRegisterNewUser(java.lang.String, java.lang.String, java.lang.String, java.lang.String, java.lang.String, java.lang.String)[pri:1, instance:com.ss.qa.testcases.CarDetailPageTest@41e1e210]" started-at="2018-09-23T19:35:48Z" name="validateRegisterNewUser" data-provider="getTestData" finished-at="2018-09-23T19:35:50Z" duration-ms="1151" status="PASS">
          <params>
            <param index="0">
              <value>
                <![CDATA[Tiek pārdots kopts un skaists auto. 3.0d 160kw dzinējs. Jumta reliņi, sliekš]]>
              </value>
            </param>
            <param index="1">
              <value>
                <![CDATA[X5]]>
              </value>
            </param>
            <param index="2">
              <value>
                <![CDATA[2004]]>
              </value>
            </param>
            <param index="3">
              <value>
                <![CDATA[3.0D]]>
              </value>
            </param>
            <param index="4">
              <value>
                <![CDATA[257]]>
              </value>
            </param>
            <param index="5">
              <value>
                <![CDATA[6,000]]>
              </value>
            </param>
          </params>
          <reporter-output>
          </reporter-output>
        </test-method> <!-- validateRegisterNewUser -->
        <test-method is-config="true" signature="tearDown()[pri:0, instance:com.ss.qa.testcases.CarDetailPageTest@41e1e210]" started-at="2018-09-23T19:35:50Z" name="tearDown" finished-at="2018-09-23T19:35:51Z" duration-ms="911" status="PASS">
          <reporter-output>
          </reporter-output>
        </test-method> <!-- tearDown -->
        <test-method is-config="true" signature="setUp()[pri:0, instance:com.ss.qa.testcases.CarDetailPageTest@41e1e210]" started-at="2018-09-23T19:35:51Z" name="setUp" finished-at="2018-09-23T19:35:57Z" duration-ms="6699" status="PASS">
          <reporter-output>
          </reporter-output>
        </test-method> <!-- setUp -->
        <test-method signature="validateRegisterNewUser(java.lang.String, java.lang.String, java.lang.String, java.lang.String, java.lang.String, java.lang.String)[pri:1, instance:com.ss.qa.testcases.CarDetailPageTest@41e1e210]" started-at="2018-09-23T19:35:57Z" name="validateRegisterNewUser" data-provider="getTestData" finished-at="2018-09-23T19:35:58Z" duration-ms="1036" status="PASS">
          <params>
            <param index="0">
              <value>
                <![CDATA[BMW 320 Coupe 2004.gada feislifts, 366 000 km, Tumši zila, auduma salons, 17]]>
              </value>
            </param>
            <param index="1">
              <value>
                <![CDATA[320.0]]>
              </value>
            </param>
            <param index="2">
              <value>
                <![CDATA[1999.0]]>
              </value>
            </param>
            <param index="3">
              <value>
                <![CDATA[2.0]]>
              </value>
            </param>
            <param index="4">
              <value>
                <![CDATA[-]]>
              </value>
            </param>
            <param index="5">
              <value>
                <![CDATA[2,200  €]]>
              </value>
            </param>
          </params>
          <reporter-output>
          </reporter-output>
        </test-method> <!-- validateRegisterNewUser -->
        <test-method is-config="true" signature="tearDown()[pri:0, instance:com.ss.qa.testcases.CarDetailPageTest@41e1e210]" started-at="2018-09-23T19:35:58Z" name="tearDown" finished-at="2018-09-23T19:35:59Z" duration-ms="795" status="PASS">
          <reporter-output>
          </reporter-output>
        </test-method> <!-- tearDown -->
      </class> <!-- com.ss.qa.testcases.CarDetailPageTest -->
    </test> <!-- Default test -->
  </suite> <!-- Default suite -->
</testng-results>
