<?xml version="1.0" encoding="UTF-8"?>
<!-- Generated by org.testng.reporters.JUnitXMLReporter -->
<testsuite ignored="0" hostname="NL-PF10R29K" failures="4" tests="15" name="Command line test" time="35.704" errors="0" timestamp="08 Sep 2018 16:41:08 GMT">
  <testcase classname="com.ss.qa.testcases.CarsPageTest" name="@BeforeMethod setUp" time="3.453">
    <failure type="java.lang.NullPointerException">
      <![CDATA[java.lang.NullPointerException
	at com.ss.qa.util.WebEventListener.afterFindBy(WebEventListener.java:31)
	at org.openqa.selenium.support.events.EventFiringWebDriver$1.invoke(EventFiringWebDriver.java:81)
	at com.sun.proxy.$Proxy7.afterFindBy(Unknown Source)
	at org.openqa.selenium.support.events.EventFiringWebDriver.findElement(EventFiringWebDriver.java:189)
	at org.openqa.selenium.support.pagefactory.DefaultElementLocator.findElement(DefaultElementLocator.java:69)
	at org.openqa.selenium.support.pagefactory.internal.LocatingElementHandler.invoke(LocatingElementHandler.java:38)
	at com.sun.proxy.$Proxy10.click(Unknown Source)
	at com.ss.qa.pages.HomePage.clickTransportLink(HomePage.java:57)
	at com.ss.qa.testcases.CarsPageTest.setUp(CarsPageTest.java:34)
... Removed 41 stack frames]]>
    </failure>
  </testcase> <!-- @BeforeMethod setUp -->
  <testcase classname="com.ss.qa.testcases.CarsPageTest" name="@BeforeMethod setUp" time="0.0">
    <skipped/>
  </testcase> <!-- @BeforeMethod setUp -->
  <testcase classname="com.ss.qa.testcases.CarsPageTest" name="@BeforeMethod setUp" time="0.0">
    <skipped/>
  </testcase> <!-- @BeforeMethod setUp -->
  <testcase classname="com.ss.qa.testcases.SearchPageTest" name="@BeforeMethod setUp" time="2.694">
    <failure type="java.lang.NullPointerException">
      <![CDATA[java.lang.NullPointerException
	at com.ss.qa.util.WebEventListener.afterFindBy(WebEventListener.java:31)
	at org.openqa.selenium.support.events.EventFiringWebDriver$1.invoke(EventFiringWebDriver.java:81)
	at com.sun.proxy.$Proxy7.afterFindBy(Unknown Source)
	at org.openqa.selenium.support.events.EventFiringWebDriver.findElement(EventFiringWebDriver.java:189)
	at org.openqa.selenium.support.pagefactory.DefaultElementLocator.findElement(DefaultElementLocator.java:69)
	at org.openqa.selenium.support.pagefactory.internal.LocatingElementHandler.invoke(LocatingElementHandler.java:38)
	at com.sun.proxy.$Proxy10.click(Unknown Source)
	at com.ss.qa.pages.HomePage.clickSearchLink(HomePage.java:67)
	at com.ss.qa.testcases.SearchPageTest.setUp(SearchPageTest.java:25)
... Removed 41 stack frames]]>
    </failure>
  </testcase> <!-- @BeforeMethod setUp -->
  <testcase classname="com.ss.qa.testcases.TransportPageTest" name="@BeforeMethod setUp" time="2.598">
    <failure type="java.lang.NullPointerException">
      <![CDATA[java.lang.NullPointerException
	at com.ss.qa.util.WebEventListener.afterFindBy(WebEventListener.java:31)
	at org.openqa.selenium.support.events.EventFiringWebDriver$1.invoke(EventFiringWebDriver.java:81)
	at com.sun.proxy.$Proxy7.afterFindBy(Unknown Source)
	at org.openqa.selenium.support.events.EventFiringWebDriver.findElement(EventFiringWebDriver.java:189)
	at org.openqa.selenium.support.pagefactory.DefaultElementLocator.findElement(DefaultElementLocator.java:69)
	at org.openqa.selenium.support.pagefactory.internal.LocatingElementHandler.invoke(LocatingElementHandler.java:38)
	at com.sun.proxy.$Proxy10.click(Unknown Source)
	at com.ss.qa.pages.HomePage.clickTransportLink(HomePage.java:57)
	at com.ss.qa.testcases.TransportPageTest.setUp(TransportPageTest.java:32)
... Removed 41 stack frames]]>
    </failure>
  </testcase> <!-- @BeforeMethod setUp -->
  <testcase classname="com.ss.qa.testcases.TransportPageTest" name="@BeforeMethod setUp" time="0.0">
    <skipped/>
  </testcase> <!-- @BeforeMethod setUp -->
  <testcase classname="com.ss.qa.testcases.TransportPageTest" name="@BeforeMethod setUp" time="0.0">
    <skipped/>
  </testcase> <!-- @BeforeMethod setUp -->
  <testcase classname="com.ss.qa.testcases.CarDetailPageTest" name="@BeforeMethod setUp" time="2.807">
    <failure type="java.lang.NullPointerException">
      <![CDATA[java.lang.NullPointerException
	at com.ss.qa.util.WebEventListener.afterFindBy(WebEventListener.java:31)
	at org.openqa.selenium.support.events.EventFiringWebDriver$1.invoke(EventFiringWebDriver.java:81)
	at com.sun.proxy.$Proxy7.afterFindBy(Unknown Source)
	at org.openqa.selenium.support.events.EventFiringWebDriver.findElement(EventFiringWebDriver.java:189)
	at org.openqa.selenium.support.pagefactory.DefaultElementLocator.findElement(DefaultElementLocator.java:69)
	at org.openqa.selenium.support.pagefactory.internal.LocatingElementHandler.invoke(LocatingElementHandler.java:38)
	at com.sun.proxy.$Proxy10.click(Unknown Source)
	at com.ss.qa.pages.HomePage.clickTransportLink(HomePage.java:57)
	at com.ss.qa.testcases.CarDetailPageTest.setUp(CarDetailPageTest.java:35)
... Removed 41 stack frames]]>
    </failure>
  </testcase> <!-- @BeforeMethod setUp -->
  <testcase classname="com.ss.qa.testcases.CarDetailPageTest" name="@BeforeMethod setUp" time="0.0">
    <skipped/>
  </testcase> <!-- @BeforeMethod setUp -->
  <testcase classname="com.ss.qa.testcases.RegistrationPageTest" name="@BeforeMethod setUp" time="3.25">
    <failure type="java.lang.NullPointerException">
      <![CDATA[java.lang.NullPointerException
	at com.ss.qa.util.WebEventListener.afterFindBy(WebEventListener.java:31)
	at org.openqa.selenium.support.events.EventFiringWebDriver$1.invoke(EventFiringWebDriver.java:81)
	at com.sun.proxy.$Proxy7.afterFindBy(Unknown Source)
	at org.openqa.selenium.support.events.EventFiringWebDriver.findElement(EventFiringWebDriver.java:189)
	at org.openqa.selenium.support.pagefactory.DefaultElementLocator.findElement(DefaultElementLocator.java:69)
	at org.openqa.selenium.support.pagefactory.internal.LocatingElementHandler.invoke(LocatingElementHandler.java:38)
	at com.sun.proxy.$Proxy10.click(Unknown Source)
	at com.ss.qa.pages.HomePage.clickMyMessagesLink(HomePage.java:62)
	at com.ss.qa.testcases.RegistrationPageTest.setUp(RegistrationPageTest.java:36)
... Removed 41 stack frames]]>
    </failure>
  </testcase> <!-- @BeforeMethod setUp -->
  <testcase classname="com.ss.qa.testcases.CarsPageTest" name="differentModelsOfACar" time="0.0">
    <skipped/>
  </testcase> <!-- differentModelsOfACar -->
  <testcase classname="com.ss.qa.testcases.CarsPageTest" name="searchCarsByYear" time="0.0">
    <skipped/>
  </testcase> <!-- searchCarsByYear -->
  <testcase classname="com.ss.qa.testcases.CarsPageTest" name="validateCarsPageTitle" time="0.0">
    <skipped/>
  </testcase> <!-- validateCarsPageTitle -->
  <testcase classname="com.ss.qa.testcases.SearchPageTest" name="verifyResultCount" time="0.0">
    <skipped/>
  </testcase> <!-- verifyResultCount -->
  <testcase classname="com.ss.qa.testcases.HomePageTest" name="homePageJobBusinessLogoTest" time="0.022">
    <failure type="java.lang.NullPointerException">
      <![CDATA[java.lang.NullPointerException
	at com.ss.qa.util.WebEventListener.afterFindBy(WebEventListener.java:31)
	at org.openqa.selenium.support.events.EventFiringWebDriver$1.invoke(EventFiringWebDriver.java:81)
	at com.sun.proxy.$Proxy7.afterFindBy(Unknown Source)
	at org.openqa.selenium.support.events.EventFiringWebDriver.findElement(EventFiringWebDriver.java:189)
	at org.openqa.selenium.support.pagefactory.DefaultElementLocator.findElement(DefaultElementLocator.java:69)
	at org.openqa.selenium.support.pagefactory.internal.LocatingElementHandler.invoke(LocatingElementHandler.java:38)
	at com.sun.proxy.$Proxy10.isDisplayed(Unknown Source)
	at com.ss.qa.pages.HomePage.validateJobBusinessLogo(HomePage.java:49)
	at com.ss.qa.testcases.HomePageTest.homePageJobBusinessLogoTest(HomePageTest.java:41)
... Removed 39 stack frames]]>
    </failure>
  </testcase> <!-- homePageJobBusinessLogoTest -->
  <testcase classname="com.ss.qa.testcases.HomePageTest" name="homePageLogoTest" time="0.024">
    <failure type="java.lang.NullPointerException">
      <![CDATA[java.lang.NullPointerException
	at com.ss.qa.util.WebEventListener.afterFindBy(WebEventListener.java:31)
	at org.openqa.selenium.support.events.EventFiringWebDriver$1.invoke(EventFiringWebDriver.java:81)
	at com.sun.proxy.$Proxy7.afterFindBy(Unknown Source)
	at org.openqa.selenium.support.events.EventFiringWebDriver.findElement(EventFiringWebDriver.java:189)
	at org.openqa.selenium.support.pagefactory.DefaultElementLocator.findElement(DefaultElementLocator.java:69)
	at org.openqa.selenium.support.pagefactory.internal.LocatingElementHandler.invoke(LocatingElementHandler.java:38)
	at com.sun.proxy.$Proxy10.isDisplayed(Unknown Source)
	at com.ss.qa.pages.HomePage.validateSSLogo(HomePage.java:45)
	at com.ss.qa.testcases.HomePageTest.homePageLogoTest(HomePageTest.java:35)
... Removed 39 stack frames]]>
    </failure>
  </testcase> <!-- homePageLogoTest -->
  <testcase classname="com.ss.qa.testcases.HomePageTest" name="homePageTitleTest" time="0.011"/>
  <testcase classname="com.ss.qa.testcases.HomePageTest" name="homePageTransportLinkTest" time="0.018">
    <failure type="java.lang.NullPointerException">
      <![CDATA[java.lang.NullPointerException
	at com.ss.qa.util.WebEventListener.afterFindBy(WebEventListener.java:31)
	at org.openqa.selenium.support.events.EventFiringWebDriver$1.invoke(EventFiringWebDriver.java:81)
	at com.sun.proxy.$Proxy7.afterFindBy(Unknown Source)
	at org.openqa.selenium.support.events.EventFiringWebDriver.findElement(EventFiringWebDriver.java:189)
	at org.openqa.selenium.support.pagefactory.DefaultElementLocator.findElement(DefaultElementLocator.java:69)
	at org.openqa.selenium.support.pagefactory.internal.LocatingElementHandler.invoke(LocatingElementHandler.java:38)
	at com.sun.proxy.$Proxy10.click(Unknown Source)
	at com.ss.qa.pages.HomePage.clickTransportLink(HomePage.java:57)
	at com.ss.qa.testcases.HomePageTest.homePageTransportLinkTest(HomePageTest.java:53)
... Removed 39 stack frames]]>
    </failure>
  </testcase> <!-- homePageTransportLinkTest -->
  <testcase classname="com.ss.qa.testcases.HomePageTest" name="homePageTransportLogoTest" time="0.171">
    <failure type="java.lang.NullPointerException">
      <![CDATA[java.lang.NullPointerException
	at com.ss.qa.util.WebEventListener.afterFindBy(WebEventListener.java:31)
	at org.openqa.selenium.support.events.EventFiringWebDriver$1.invoke(EventFiringWebDriver.java:81)
	at com.sun.proxy.$Proxy7.afterFindBy(Unknown Source)
	at org.openqa.selenium.support.events.EventFiringWebDriver.findElement(EventFiringWebDriver.java:189)
	at org.openqa.selenium.support.pagefactory.DefaultElementLocator.findElement(DefaultElementLocator.java:69)
	at org.openqa.selenium.support.pagefactory.internal.LocatingElementHandler.invoke(LocatingElementHandler.java:38)
	at com.sun.proxy.$Proxy10.isDisplayed(Unknown Source)
	at com.ss.qa.pages.HomePage.validateTransportLogo(HomePage.java:53)
	at com.ss.qa.testcases.HomePageTest.homePageTransportLogoTest(HomePageTest.java:47)
... Removed 39 stack frames]]>
    </failure>
  </testcase> <!-- homePageTransportLogoTest -->
  <testcase classname="com.ss.qa.testcases.TransportPageTest" name="transportPageAnnouncementButtonTest" time="0.0">
    <skipped/>
  </testcase> <!-- transportPageAnnouncementButtonTest -->
  <testcase classname="com.ss.qa.testcases.TransportPageTest" name="transportPageCarsLinkTest" time="0.0">
    <skipped/>
  </testcase> <!-- transportPageCarsLinkTest -->
  <testcase classname="com.ss.qa.testcases.TransportPageTest" name="transportPageTitleTest" time="0.0">
    <skipped/>
  </testcase> <!-- transportPageTitleTest -->
  <testcase classname="com.ss.qa.testcases.CarDetailPageTest" name="validateRegisterNewUser" time="0.0">
    <skipped/>
  </testcase> <!-- validateRegisterNewUser -->
  <testcase classname="com.ss.qa.testcases.CarDetailPageTest" name="validateRegisterNewUser" time="0.0">
    <skipped/>
  </testcase> <!-- validateRegisterNewUser -->
  <testcase classname="com.ss.qa.testcases.RegistrationPageTest" name="validateRegisterNewUser" time="0.0">
    <skipped/>
  </testcase> <!-- validateRegisterNewUser -->
</testsuite> <!-- Command line test -->
